<?xml version="1.0" encoding="UTF-8"?>
<testsuite xmlns:xsi="http://www.w3.org/2001/XMLSchema-instance" xsi:noNamespaceSchemaLocation="https://maven.apache.org/surefire/maven-surefire-plugin/xsd/surefire-test-report-3.0.xsd" version="3.0" name="com.ug5b.soal1.VoucherTest" time="0.0" tests="4" errors="0" skipped="0" failures="0">
  <properties>
[...]
</properties>
  <testcase name="testBuatVoucherWithNegativeNominal" classname="com.ug5b.soal1.VoucherTest" time="0.0"/>
  <testcase name="testBuatVoucherWithZeroNominal" classname="com.ug5b.soal1.VoucherTest" time="0.0"/>
  <testcase name="testBuatVoucherWithValidNominal" classname="com.ug5b.soal1.VoucherTest" time="0.0"/>
  <testcase name="testSetterGetter" classname="com.ug5b.soal1.VoucherTest" time="0.0"/>
</testsuite>